\BOOKMARK [0][-]{Doc-Start}{Candidate's Declaration}{}% 1
\BOOKMARK [0][-]{Doc-Start}{Certificate}{}% 2
\BOOKMARK [0][-]{Doc-Start}{Acknowledgement}{}% 3
\BOOKMARK [0][-]{Doc-Start}{Abstract}{}% 4
\BOOKMARK [0][-]{section*.1}{List of Figures}{}% 5
\BOOKMARK [0][-]{section*.2}{List of Tables}{}% 6
\BOOKMARK [0][-]{chapter.1}{INTRODUCTION}{}% 7
\BOOKMARK [1][-]{section.1.1}{Content}{chapter.1}% 8
\BOOKMARK [2][-]{subsection.1.1.1}{Structure of Speech}{section.1.1}% 9
\BOOKMARK [1][-]{section.1.2}{ Problem Statement}{chapter.1}% 10
\BOOKMARK [1][-]{section.1.3}{Aims and Objectives}{chapter.1}% 11
\BOOKMARK [1][-]{section.1.4}{Organization of the Thesis}{chapter.1}% 12
\BOOKMARK [0][-]{chapter.2}{ CONCEPTS OF SPEECH}{}% 13
\BOOKMARK [1][-]{section.2.1}{Introduction}{chapter.2}% 14
\BOOKMARK [2][-]{subsection.2.1.1}{Concept of Speech}{section.2.1}% 15
\BOOKMARK [2][-]{subsection.2.1.2}{Recognition Precess}{section.2.1}% 16
\BOOKMARK [3][-]{subsubsection.2.1.2.1}{Models}{subsection.2.1.2}% 17
\BOOKMARK [1][-]{section.2.2}{Advantages of Speech Recognition and Dictation systems}{chapter.2}% 18
\BOOKMARK [1][-]{section.2.3}{Principles of HMM}{chapter.2}% 19
\BOOKMARK [1][-]{section.2.4}{Application of Speech Recognition}{chapter.2}% 20
\BOOKMARK [1][-]{section.2.5}{Summary}{chapter.2}% 21
\BOOKMARK [0][-]{chapter.3}{LITERATURE REVIEW}{}% 22
\BOOKMARK [1][-]{section.3.1}{Literature Review}{chapter.3}% 23
\BOOKMARK [2][-]{subsection.3.1.1}{A glance over Related Literature}{section.3.1}% 24
\BOOKMARK [2][-]{subsection.3.1.2}{Some Empirical Studies}{section.3.1}% 25
\BOOKMARK [3][-]{subsubsection.3.1.2.1}{An Unsurpassed Heritage in Speech}{subsection.3.1.2}% 26
\BOOKMARK [3][-]{subsubsection.3.1.2.2}{Language Technology in India}{subsection.3.1.2}% 27
\BOOKMARK [3][-]{subsubsection.3.1.2.3}{The Early Efforts \(During 1980-90\)}{subsection.3.1.2}% 28
\BOOKMARK [0][-]{chapter.4}{PROPOSED SCHEME}{}% 29
\BOOKMARK [1][-]{section.4.1}{Motivation}{chapter.4}% 30
\BOOKMARK [1][-]{section.4.2}{System Framework}{chapter.4}% 31
\BOOKMARK [0][-]{chapter.5}{EXPERIMENTAL RESULTS AND ANALYSIS}{}% 32
\BOOKMARK [1][-]{section.5.1}{Platform}{chapter.5}% 33
\BOOKMARK [2][-]{subsection.5.1.1}{Operating System is Ubuntu 14.04}{section.5.1}% 34
\BOOKMARK [2][-]{subsection.5.1.2}{Bison}{section.5.1}% 35
\BOOKMARK [2][-]{subsection.5.1.3}{Swig}{section.5.1}% 36
\BOOKMARK [2][-]{subsection.5.1.4}{Gstreamer}{section.5.1}% 37
\BOOKMARK [2][-]{subsection.5.1.5}{Gcc}{section.5.1}% 38
\BOOKMARK [2][-]{subsection.5.1.6}{Automake}{section.5.1}% 39
\BOOKMARK [2][-]{subsection.5.1.7}{Autoconf}{section.5.1}% 40
\BOOKMARK [2][-]{subsection.5.1.8}{Libtool}{section.5.1}% 41
\BOOKMARK [1][-]{section.5.2}{Speech Recognition Engine}{chapter.5}% 42
\BOOKMARK [2][-]{subsection.5.2.1}{Library}{section.5.2}% 43
\BOOKMARK [3][-]{subsubsection.5.2.1.1}{Sphinxbase}{subsection.5.2.1}% 44
\BOOKMARK [3][-]{subsubsection.5.2.1.2}{Python-dev}{subsection.5.2.1}% 45
\BOOKMARK [2][-]{subsection.5.2.2}{Decoder}{section.5.2}% 46
\BOOKMARK [3][-]{subsubsection.5.2.2.1}{PocketSphinx}{subsection.5.2.2}% 47
\BOOKMARK [3][-]{subsubsection.5.2.2.2}{Sphinx-4}{subsection.5.2.2}% 48
\BOOKMARK [2][-]{subsection.5.2.3}{Trainer}{section.5.2}% 49
\BOOKMARK [3][-]{subsubsection.5.2.3.1}{SphinxTrain}{subsection.5.2.3}% 50
\BOOKMARK [2][-]{subsection.5.2.4}{Experimental Setup}{section.5.2}% 51
\BOOKMARK [1][-]{section.5.3}{Dictation System Setup}{chapter.5}% 52
\BOOKMARK [2][-]{subsection.5.3.1}{Testing the Decoder}{section.5.3}% 53
\BOOKMARK [2][-]{subsection.5.3.2}{Building Language Model}{section.5.3}% 54
\BOOKMARK [3][-]{subsubsection.5.3.2.1}{Text Preparation}{subsection.5.3.2}% 55
\BOOKMARK [3][-]{subsubsection.5.3.2.2}{ARPA Model Training}{subsection.5.3.2}% 56
\BOOKMARK [3][-]{subsubsection.5.3.2.3}{Using Language Model with PocketSphinx}{subsection.5.3.2}% 57
\BOOKMARK [2][-]{subsection.5.3.3}{Training Acoustic Model For Sphinx}{section.5.3}% 58
\BOOKMARK [3][-]{subsubsection.5.3.3.1}{Resources}{subsection.5.3.3}% 59
\BOOKMARK [3][-]{subsubsection.5.3.3.2}{Data Preparation}{subsection.5.3.3}% 60
\BOOKMARK [3][-]{subsubsection.5.3.3.3}{Setting up the training scripts}{subsection.5.3.3}% 61
\BOOKMARK [3][-]{subsubsection.5.3.3.4}{Setup the Format of Database Audio}{subsection.5.3.3}% 62
\BOOKMARK [3][-]{subsubsection.5.3.3.5}{Configure Path to Files}{subsection.5.3.3}% 63
\BOOKMARK [3][-]{subsubsection.5.3.3.6}{Configure Model Type and Model Parameters}{subsection.5.3.3}% 64
\BOOKMARK [3][-]{subsubsection.5.3.3.7}{Configure Sound Feature Parameters}{subsection.5.3.3}% 65
\BOOKMARK [3][-]{subsubsection.5.3.3.8}{Configure Parallel Jobs to Speedup Training}{subsection.5.3.3}% 66
\BOOKMARK [3][-]{subsubsection.5.3.3.9}{Configure Decoding Parameters}{subsection.5.3.3}% 67
\BOOKMARK [3][-]{subsubsection.5.3.3.10}{Training}{subsection.5.3.3}% 68
\BOOKMARK [3][-]{subsubsection.5.3.3.11}{Training Internals}{subsection.5.3.3}% 69
\BOOKMARK [3][-]{subsubsection.5.3.3.12}{Testing}{subsection.5.3.3}% 70
\BOOKMARK [3][-]{subsubsection.5.3.3.13}{Using the Model}{subsection.5.3.3}% 71
\BOOKMARK [3][-]{subsubsection.5.3.3.14}{Output}{subsection.5.3.3}% 72
\BOOKMARK [0][-]{chapter.6}{CONCLUSION}{}% 73
\BOOKMARK [1][-]{section.6.1}{Conclusion}{chapter.6}% 74
\BOOKMARK [1][-]{section.6.2}{Future Work}{chapter.6}% 75
\BOOKMARK [0][-]{section*.4}{Bibliography}{}% 76
